<?xml version="1.0" encoding="UTF-8" ?>
<testsuite failures="0" time="0.054" errors="0" skipped="0" tests="35" name="uk.org.nbn.nbnv.importer.spatial.ChannelIslandGridSquareInfoSuite">
  <properties>
    <property name="java.runtime.name" value="Java(TM) SE Runtime Environment"/>
    <property name="sun.boot.library.path" value="D:\Program Files\Java\jdk1.6.0_33\jre\bin"/>
    <property name="java.vm.version" value="20.8-b03"/>
    <property name="java.vm.vendor" value="Sun Microsystems Inc."/>
    <property name="java.vendor.url" value="http://java.sun.com/"/>
    <property name="path.separator" value=";"/>
    <property name="guice.disable.misplaced.annotation.check" value="true"/>
    <property name="java.vm.name" value="Java HotSpot(TM) 64-Bit Server VM"/>
    <property name="file.encoding.pkg" value="sun.io"/>
    <property name="user.country" value="GB"/>
    <property name="sun.java.launcher" value="SUN_STANDARD"/>
    <property name="sun.os.patch.level" value="Service Pack 1"/>
    <property name="java.vm.specification.name" value="Java Virtual Machine Specification"/>
    <property name="user.dir" value="D:\Projects\Work\nbnv\importer"/>
    <property name="java.runtime.version" value="1.6.0_33-b05"/>
    <property name="java.awt.graphicsenv" value="sun.awt.Win32GraphicsEnvironment"/>
    <property name="java.endorsed.dirs" value="D:\Program Files\Java\jdk1.6.0_33\jre\lib\endorsed"/>
    <property name="os.arch" value="amd64"/>
    <property name="java.io.tmpdir" value="C:\Users\PAULGI~1\AppData\Local\Temp\"/>
    <property name="line.separator" value="
"/>
    <property name="java.vm.specification.vendor" value="Sun Microsystems Inc."/>
    <property name="user.variant" value=""/>
    <property name="os.name" value="Windows 7"/>
    <property name="classworlds.conf" value="D:\Program Files\NetBeans 7.2\java\maven\bin\m2.conf"/>
    <property name="sun.jnu.encoding" value="Cp1252"/>
    <property name="java.library.path" value="D:\Program Files\Java\jdk1.6.0_33\bin;C:\Windows\Sun\Java\bin;C:\Windows\system32;C:\Windows;C:\Perl64\site\bin;C:\Perl64\bin;C:\Program Files\Common Files\Microsoft Shared\Windows Live;C:\Program Files (x86)\Common Files\Microsoft Shared\Windows Live;C:\Program Files (x86)\NVIDIA Corporation\PhysX\Common;C:\Program Files (x86)\Intel\iCLS Client\;C:\Program Files\Intel\iCLS Client\;C:\Windows\system32;C:\Windows;C:\Windows\System32\Wbem;C:\Windows\System32\WindowsPowerShell\v1.0\;C:\Program Files\Intel\Intel(R) Management Engine Components\DAL;C:\Program Files\Intel\Intel(R) Management Engine Components\IPT;C:\Program Files (x86)\Intel\Intel(R) Management Engine Components\DAL;C:\Program Files (x86)\Intel\Intel(R) Management Engine Components\IPT;C:\Program Files (x86)\Windows Live\Shared;d:\Program Files (x86)\Microsoft SQL Server\110\Tools\Binn\;d:\Program Files\Microsoft SQL Server\110\Tools\Binn\;d:\Program Files\Microsoft SQL Server\110\DTS\Binn\;d:\Program Files (x86)\Microsoft SQL Server\110\Tools\Binn\ManagementStudio\;C:\Program Files (x86)\Microsoft Visual Studio 10.0\Common7\IDE\PrivateAssemblies\;d:\Program Files (x86)\Microsoft SQL Server\110\DTS\Binn\;C:\Program Files (x86)\Microsoft ASP.NET\ASP.NET Web Pages\v1.0\;C:\Program Files\Microsoft\Web Platform Installer\;."/>
    <property name="java.specification.name" value="Java Platform API Specification"/>
    <property name="java.class.version" value="50.0"/>
    <property name="sun.management.compiler" value="HotSpot 64-Bit Tiered Compilers"/>
    <property name="os.version" value="6.1"/>
    <property name="user.home" value="C:\Users\Paul Gilbertson"/>
    <property name="user.timezone" value="Europe/London"/>
    <property name="java.awt.printerjob" value="sun.awt.windows.WPrinterJob"/>
    <property name="file.encoding" value="Cp1252"/>
    <property name="java.specification.version" value="1.6"/>
    <property name="user.name" value="Paul Gilbertson"/>
    <property name="java.class.path" value="D:\Program Files\NetBeans 7.2\java\maven\boot\plexus-classworlds-2.4.jar"/>
    <property name="java.vm.specification.version" value="1.0"/>
    <property name="sun.arch.data.model" value="64"/>
    <property name="java.home" value="D:\Program Files\Java\jdk1.6.0_33\jre"/>
    <property name="sun.java.command" value="org.codehaus.plexus.classworlds.launcher.Launcher install"/>
    <property name="java.specification.vendor" value="Sun Microsystems Inc."/>
    <property name="user.language" value="en"/>
    <property name="awt.toolkit" value="sun.awt.windows.WToolkit"/>
    <property name="java.vm.info" value="mixed mode"/>
    <property name="java.version" value="1.6.0_33"/>
    <property name="java.ext.dirs" value="D:\Program Files\Java\jdk1.6.0_33\jre\lib\ext;C:\Windows\Sun\Java\lib\ext"/>
    <property name="sun.boot.class.path" value="D:\Program Files\Java\jdk1.6.0_33\jre\lib\resources.jar;D:\Program Files\Java\jdk1.6.0_33\jre\lib\rt.jar;D:\Program Files\Java\jdk1.6.0_33\jre\lib\sunrsasign.jar;D:\Program Files\Java\jdk1.6.0_33\jre\lib\jsse.jar;D:\Program Files\Java\jdk1.6.0_33\jre\lib\jce.jar;D:\Program Files\Java\jdk1.6.0_33\jre\lib\charsets.jar;D:\Program Files\Java\jdk1.6.0_33\jre\lib\modules\jdk.boot.jar;D:\Program Files\Java\jdk1.6.0_33\jre\classes"/>
    <property name="java.vendor" value="Sun Microsystems Inc."/>
    <property name="maven.home" value="D:\Program Files\NetBeans 7.2\java\maven"/>
    <property name="file.separator" value="\"/>
    <property name="java.vendor.url.bug" value="http://java.sun.com/cgi-bin/bugreport.cgi"/>
    <property name="sun.cpu.endian" value="little"/>
    <property name="sun.io.unicode.encoding" value="UnicodeLittle"/>
    <property name="sun.desktop" value="windows"/>
    <property name="sun.cpu.isalist" value="amd64"/>
  </properties>
  <testcase time="0.002" classname="uk.org.nbn.nbnv.importer.spatial.ChannelIslandGridSquareInfoSuite" name="should identify projection as ED50"/>
  <testcase time="0.001" classname="uk.org.nbn.nbnv.importer.spatial.ChannelIslandGridSquareInfoSuite" name="shold identify EPSG code as 23030"/>
  <testcase time="0" classname="uk.org.nbn.nbnv.importer.spatial.ChannelIslandGridSquareInfoSuite" name="should output an unblurred grid referce"/>
  <testcase time="0" classname="uk.org.nbn.nbnv.importer.spatial.ChannelIslandGridSquareInfoSuite" name="1m grid ref should be blured to 100m grid automatically"/>
  <testcase time="0" classname="uk.org.nbn.nbnv.importer.spatial.ChannelIslandGridSquareInfoSuite" name="10m grid ref should be blured to 100m grid automatically"/>
  <testcase time="0.001" classname="uk.org.nbn.nbnv.importer.spatial.ChannelIslandGridSquareInfoSuite" name="100m grid ref should have precision = 100"/>
  <testcase time="0.001" classname="uk.org.nbn.nbnv.importer.spatial.ChannelIslandGridSquareInfoSuite" name="1000m grid ref should have precision = 1000"/>
  <testcase time="0" classname="uk.org.nbn.nbnv.importer.spatial.ChannelIslandGridSquareInfoSuite" name="2000m DINTY grid ref should have precision = 2000"/>
  <testcase time="0" classname="uk.org.nbn.nbnv.importer.spatial.ChannelIslandGridSquareInfoSuite" name="10000m grid ref should have precision = 10000"/>
  <testcase time="0.001" classname="uk.org.nbn.nbnv.importer.spatial.ChannelIslandGridSquareInfoSuite" name="should blur 100m grid ref to 1000m"/>
  <testcase time="0.001" classname="uk.org.nbn.nbnv.importer.spatial.ChannelIslandGridSquareInfoSuite" name="should blur 100m grid ref to 2000m"/>
  <testcase time="0.001" classname="uk.org.nbn.nbnv.importer.spatial.ChannelIslandGridSquareInfoSuite" name="should blur 100m grid ref to 10000m"/>
  <testcase time="0.001" classname="uk.org.nbn.nbnv.importer.spatial.ChannelIslandGridSquareInfoSuite" name="should blur DINTY grid ref to 10000m"/>
  <testcase time="0" classname="uk.org.nbn.nbnv.importer.spatial.ChannelIslandGridSquareInfoSuite" name="should normailise precision of 30 to 100m"/>
  <testcase time="0.001" classname="uk.org.nbn.nbnv.importer.spatial.ChannelIslandGridSquareInfoSuite" name="should normailise precision of 150 to 1000m"/>
  <testcase time="0.001" classname="uk.org.nbn.nbnv.importer.spatial.ChannelIslandGridSquareInfoSuite" name="should normailise precision of 1200 to 2000m"/>
  <testcase time="0.001" classname="uk.org.nbn.nbnv.importer.spatial.ChannelIslandGridSquareInfoSuite" name="should normailise precision of 8000 to 10000m"/>
  <testcase time="0.001" classname="uk.org.nbn.nbnv.importer.spatial.ChannelIslandGridSquareInfoSuite" name="should give 1000m grid square as parent of 100m"/>
  <testcase time="0.002" classname="uk.org.nbn.nbnv.importer.spatial.ChannelIslandGridSquareInfoSuite" name="should give 2000m grid square as parent of 1000m"/>
  <testcase time="0.001" classname="uk.org.nbn.nbnv.importer.spatial.ChannelIslandGridSquareInfoSuite" name="should give 10000m grid square as parent of 2000m"/>
  <testcase time="0.001" classname="uk.org.nbn.nbnv.importer.spatial.ChannelIslandGridSquareInfoSuite" name="should be no parent of 10000m grid square"/>
  <testcase time="0.005" classname="uk.org.nbn.nbnv.importer.spatial.ChannelIslandGridSquareInfoSuite" name="should give WKT for 100m grid square in WGS84"/>
  <testcase time="0.003" classname="uk.org.nbn.nbnv.importer.spatial.ChannelIslandGridSquareInfoSuite" name="should give WKT for 1000m grid square in WGS84"/>
  <testcase time="0.002" classname="uk.org.nbn.nbnv.importer.spatial.ChannelIslandGridSquareInfoSuite" name="should give WKT for 2000m grid square in WGS84"/>
  <testcase time="0.003" classname="uk.org.nbn.nbnv.importer.spatial.ChannelIslandGridSquareInfoSuite" name="should give WKT for 10000m grid square in WGS84"/>
  <testcase time="0.001" classname="uk.org.nbn.nbnv.importer.spatial.ChannelIslandGridSquareInfoSuite" name="should compute 2000m grid ref from 100m grid ref"/>
  <testcase time="0.002" classname="uk.org.nbn.nbnv.importer.spatial.ChannelIslandGridSquareInfoSuite" name="should compute 10000m grid ref from 1000m grid ref"/>
  <testcase time="0" classname="uk.org.nbn.nbnv.importer.spatial.ChannelIslandGridSquareInfoSuite" name="should return same grid square if requested precision is lower"/>
  <testcase time="0.001" classname="uk.org.nbn.nbnv.importer.spatial.ChannelIslandGridSquareInfoSuite" name="should return same grid square if requested precision is the same"/>
  <testcase time="0.001" classname="uk.org.nbn.nbnv.importer.spatial.ChannelIslandGridSquareInfoSuite" name="should give WKT for 100m grid square"/>
  <testcase time="0" classname="uk.org.nbn.nbnv.importer.spatial.ChannelIslandGridSquareInfoSuite" name="should give WKT for 1000m grid square"/>
  <testcase time="0" classname="uk.org.nbn.nbnv.importer.spatial.ChannelIslandGridSquareInfoSuite" name="should give WKT for 2000m grid square"/>
  <testcase time="0.001" classname="uk.org.nbn.nbnv.importer.spatial.ChannelIslandGridSquareInfoSuite" name="should give WKT for 10000m grid square"/>
  <testcase time="0.001" classname="uk.org.nbn.nbnv.importer.spatial.ChannelIslandGridSquareInfoSuite" name="should give correct easting and norhting for WV1663471237"/>
  <testcase time="0.001" classname="uk.org.nbn.nbnv.importer.spatial.ChannelIslandGridSquareInfoSuite" name="should give correct grid gref for easting 516600 &amp; northing 5471200"/>
</testsuite>